Time: Tue Oct 02 2018 17:18:22 GMT+0200 (CEST) GET /contactarTime: Tue Oct 02 2018 17:22:23 GMT+0200 (CEST) GET /contactar
Time: Tue Oct 02 2018 17:22:25 GMT+0200 (CEST) GET /contactar
Time: Tue Oct 02 2018 17:44:34 GMT+0200 (CEST) GET /index.html
Time: Tue Oct 02 2018 17:45:49 GMT+0200 (CEST) GET /contactar
Time: Tue Oct 02 2018 17:46:07 GMT+0200 (CEST) GET /
Time: Tue Oct 02 2018 17:50:17 GMT+0200 (CEST) GET /
Time: Tue Oct 02 2018 18:04:27 GMT+0200 (CEST) GET /contactar
Time: Tue Oct 02 2018 18:07:04 GMT+0200 (CEST) GET /
Time: Tue Oct 02 2018 18:07:52 GMT+0200 (CEST) GET /contactar
Time: Tue Oct 02 2018 18:25:02 GMT+0200 (CEST) GET /contactar
Time: Tue Oct 02 2018 18:26:18 GMT+0200 (CEST) GET /contactar
Time: Tue Oct 02 2018 18:28:36 GMT+0200 (CEST) GET /contactar
Time: Tue Oct 02 2018 18:37:21 GMT+0200 (CEST) GET /contactar
Time: Tue Oct 02 2018 18:38:17 GMT+0200 (CEST) GET /contactar
Time: Tue Oct 02 2018 18:38:48 GMT+0200 (CEST) GET /contactar
Time: Tue Oct 02 2018 18:41:02 GMT+0200 (CEST) GET /contactar
Time: Tue Oct 02 2018 18:43:53 GMT+0200 (CEST) GET /contactar
Time: Tue Oct 02 2018 18:44:49 GMT+0200 (CEST) GET /contactar
Time: Tue Oct 02 2018 18:45:30 GMT+0200 (CEST) GET /contactar
Time: Tue Oct 02 2018 18:56:55 GMT+0200 (CEST) GET /inicio
Time: Tue Oct 02 2018 18:57:57 GMT+0200 (CEST) GET /inicio
Time: Tue Oct 02 2018 18:58:14 GMT+0200 (CEST) GET /inicio
Time: Tue Oct 02 2018 19:01:47 GMT+0200 (CEST) GET /inicio
Time: Tue Oct 02 2018 19:02:14 GMT+0200 (CEST) GET /inicio
Time: Tue Oct 02 2018 19:05:13 GMT+0200 (CEST) GET /contactar
Time: Tue Oct 02 2018 19:05:26 GMT+0200 (CEST) GET /contactar
